{"contracts\\BaseMP.sol":{"l":{"36":60},"path":"C:\\Users\\Acer\\Desktop\\_Crypton\\week3\\contracts\\BaseMP.sol","s":{"1":60},"b":{},"f":{"1":60},"fnMap":{"1":{"name":"_calcComission","line":35,"loc":{"start":{"line":35,"column":4},"end":{"line":37,"column":4}}}},"statementMap":{"1":{"start":{"line":36,"column":8},"end":{"line":36,"column":51}}},"branchMap":{}},"contracts\\ERC20.sol":{"l":{"15":99,"19":0},"path":"C:\\Users\\Acer\\Desktop\\_Crypton\\week3\\contracts\\ERC20.sol","s":{"1":99,"2":0},"b":{},"f":{"1":33,"2":99,"3":0},"fnMap":{"1":{"name":"constructor","line":12,"loc":{"start":{"line":11,"column":4},"end":{"line":12,"column":27}}},"2":{"name":"mint","line":14,"loc":{"start":{"line":14,"column":4},"end":{"line":16,"column":4}}},"3":{"name":"burn","line":18,"loc":{"start":{"line":18,"column":4},"end":{"line":20,"column":4}}}},"statementMap":{"1":{"start":{"line":15,"column":8},"end":{"line":15,"column":31}},"2":{"start":{"line":19,"column":9},"end":{"line":19,"column":32}}},"branchMap":{}},"contracts\\interfaces\\IERC20Mintable.sol":{"l":{},"path":"C:\\Users\\Acer\\Desktop\\_Crypton\\week3\\contracts\\interfaces\\IERC20Mintable.sol","s":{},"b":{},"f":{},"fnMap":{},"statementMap":{},"branchMap":{}},"contracts\\interfaces\\IMarketPlace1155.sol":{"l":{},"path":"C:\\Users\\Acer\\Desktop\\_Crypton\\week3\\contracts\\interfaces\\IMarketPlace1155.sol","s":{},"b":{},"f":{},"fnMap":{},"statementMap":{},"branchMap":{}},"contracts\\interfaces\\IMarketPlace721.sol":{"l":{},"path":"C:\\Users\\Acer\\Desktop\\_Crypton\\week3\\contracts\\interfaces\\IMarketPlace721.sol","s":{},"b":{},"f":{},"fnMap":{},"statementMap":{},"branchMap":{}},"contracts\\interfaces\\INFT1155.sol":{"l":{},"path":"C:\\Users\\Acer\\Desktop\\_Crypton\\week3\\contracts\\interfaces\\INFT1155.sol","s":{},"b":{},"f":{},"fnMap":{},"statementMap":{},"branchMap":{}},"contracts\\interfaces\\INFT721.sol":{"l":{},"path":"C:\\Users\\Acer\\Desktop\\_Crypton\\week3\\contracts\\interfaces\\INFT721.sol","s":{},"b":{},"f":{},"fnMap":{},"statementMap":{},"branchMap":{}},"contracts\\MarketPlace1155.sol":{"l":{"11":65,"15":42,"16":41,"18":40,"19":39,"20":39,"22":39,"23":39,"24":39,"25":37,"29":28,"30":26,"32":25,"33":25,"35":24,"36":24,"38":24,"39":24,"40":24,"42":23,"47":29,"48":27,"49":26,"50":26,"52":25,"54":24,"59":42,"60":41,"62":40,"64":39,"65":39,"67":39,"68":39,"69":39,"70":39,"71":39,"75":67,"76":66,"77":65,"78":64,"80":63,"81":63,"82":39,"84":63,"85":63,"86":61,"90":38,"91":37,"93":36,"94":36,"95":36,"96":36,"98":36,"99":24,"100":24,"102":24,"103":12,"104":12,"105":12,"106":12,"107":9,"109":12,"111":24},"path":"C:\\Users\\Acer\\Desktop\\_Crypton\\week3\\contracts\\MarketPlace1155.sol","s":{"1":65,"2":42,"3":41,"4":40,"5":39,"6":39,"7":39,"8":39,"9":37,"10":28,"11":26,"12":25,"13":25,"14":24,"15":24,"16":24,"17":24,"18":24,"19":23,"20":12,"21":29,"22":27,"23":26,"24":26,"25":25,"26":24,"27":13,"28":42,"29":41,"30":40,"31":39,"32":39,"33":39,"34":39,"35":39,"36":39,"37":67,"38":66,"39":65,"40":64,"41":63,"42":63,"43":39,"44":63,"45":63,"46":38,"47":37,"48":36,"49":36,"50":36,"51":36,"52":24,"53":24,"54":24,"55":12,"56":12,"57":12,"58":12,"59":9,"60":12,"61":24},"b":{"1":[41,1],"2":[40,1],"3":[26,2],"4":[25,1],"5":[24,1],"6":[11,12],"7":[27,2],"8":[26,1],"9":[25,1],"10":[11,13],"11":[41,1],"12":[40,1],"13":[66,1],"14":[65,1],"15":[64,1],"16":[63,1],"17":[39,24],"18":[37,1],"19":[36,1],"20":[24,12],"21":[12,12]},"f":{"1":65,"2":42,"3":28,"4":29,"5":42,"6":67,"7":38},"fnMap":{"1":{"name":"createItem","line":10,"loc":{"start":{"line":10,"column":4},"end":{"line":12,"column":4}}},"2":{"name":"listItem","line":14,"loc":{"start":{"line":14,"column":4},"end":{"line":26,"column":4}}},"3":{"name":"buyItem","line":28,"loc":{"start":{"line":28,"column":4},"end":{"line":44,"column":4}}},"4":{"name":"cancel","line":46,"loc":{"start":{"line":46,"column":4},"end":{"line":56,"column":4}}},"5":{"name":"listItemOnAuction","line":58,"loc":{"start":{"line":58,"column":4},"end":{"line":72,"column":4}}},"6":{"name":"makeBid","line":74,"loc":{"start":{"line":74,"column":4},"end":{"line":87,"column":4}}},"7":{"name":"finishAuction","line":89,"loc":{"start":{"line":89,"column":4},"end":{"line":112,"column":4}}}},"statementMap":{"1":{"start":{"line":11,"column":8},"end":{"line":11,"column":53}},"2":{"start":{"line":15,"column":8},"end":{"line":15,"column":48}},"3":{"start":{"line":16,"column":8},"end":{"line":16,"column":50}},"4":{"start":{"line":18,"column":8},"end":{"line":18,"column":82}},"5":{"start":{"line":19,"column":8},"end":{"line":19,"column":37}},"6":{"start":{"line":22,"column":8},"end":{"line":22,"column":58}},"7":{"start":{"line":23,"column":8},"end":{"line":23,"column":52}},"8":{"start":{"line":24,"column":8},"end":{"line":24,"column":54}},"9":{"start":{"line":25,"column":8},"end":{"line":25,"column":54}},"10":{"start":{"line":29,"column":8},"end":{"line":29,"column":76}},"11":{"start":{"line":30,"column":8},"end":{"line":30,"column":51}},"12":{"start":{"line":32,"column":8},"end":{"line":32,"column":69}},"13":{"start":{"line":33,"column":8},"end":{"line":33,"column":76}},"14":{"start":{"line":35,"column":8},"end":{"line":35,"column":68}},"15":{"start":{"line":36,"column":8},"end":{"line":36,"column":46}},"16":{"start":{"line":38,"column":8},"end":{"line":38,"column":59}},"17":{"start":{"line":39,"column":8},"end":{"line":39,"column":97}},"18":{"start":{"line":40,"column":8},"end":{"line":40,"column":113}},"19":{"start":{"line":42,"column":8},"end":{"line":42,"column":1788}},"20":{"start":{"line":43,"column":13},"end":{"line":43,"column":78}},"21":{"start":{"line":47,"column":8},"end":{"line":47,"column":94}},"22":{"start":{"line":48,"column":8},"end":{"line":48,"column":50}},"23":{"start":{"line":49,"column":8},"end":{"line":49,"column":69}},"24":{"start":{"line":50,"column":8},"end":{"line":50,"column":76}},"25":{"start":{"line":52,"column":8},"end":{"line":52,"column":113}},"26":{"start":{"line":54,"column":8},"end":{"line":54,"column":2453}},"27":{"start":{"line":55,"column":13},"end":{"line":55,"column":78}},"28":{"start":{"line":59,"column":8},"end":{"line":59,"column":59}},"29":{"start":{"line":60,"column":8},"end":{"line":60,"column":50}},"30":{"start":{"line":62,"column":8},"end":{"line":62,"column":82}},"31":{"start":{"line":64,"column":8},"end":{"line":64,"column":37}},"32":{"start":{"line":67,"column":8},"end":{"line":67,"column":66}},"33":{"start":{"line":68,"column":8},"end":{"line":68,"column":65}},"34":{"start":{"line":69,"column":8},"end":{"line":69,"column":62}},"35":{"start":{"line":70,"column":8},"end":{"line":70,"column":62}},"36":{"start":{"line":71,"column":8},"end":{"line":71,"column":87}},"37":{"start":{"line":75,"column":8},"end":{"line":75,"column":110}},"38":{"start":{"line":76,"column":8},"end":{"line":76,"column":96}},"39":{"start":{"line":77,"column":8},"end":{"line":77,"column":104}},"40":{"start":{"line":78,"column":8},"end":{"line":78,"column":105}},"41":{"start":{"line":80,"column":8},"end":{"line":80,"column":62}},"42":{"start":{"line":81,"column":8},"end":{"line":81,"column":3999}},"43":{"start":{"line":82,"column":12},"end":{"line":82,"column":119}},"44":{"start":{"line":84,"column":8},"end":{"line":84,"column":61}},"45":{"start":{"line":85,"column":8},"end":{"line":85,"column":67}},"46":{"start":{"line":90,"column":8},"end":{"line":90,"column":87}},"47":{"start":{"line":91,"column":8},"end":{"line":91,"column":99}},"48":{"start":{"line":93,"column":8},"end":{"line":93,"column":68}},"49":{"start":{"line":95,"column":8},"end":{"line":95,"column":33}},"50":{"start":{"line":96,"column":8},"end":{"line":96,"column":44}},"51":{"start":{"line":98,"column":8},"end":{"line":98,"column":4762}},"52":{"start":{"line":99,"column":12},"end":{"line":99,"column":52}},"53":{"start":{"line":100,"column":12},"end":{"line":100,"column":44}},"54":{"start":{"line":102,"column":12},"end":{"line":102,"column":4899}},"55":{"start":{"line":103,"column":16},"end":{"line":103,"column":54}},"56":{"start":{"line":104,"column":16},"end":{"line":104,"column":49}},"57":{"start":{"line":105,"column":16},"end":{"line":105,"column":56}},"58":{"start":{"line":106,"column":16},"end":{"line":106,"column":114}},"59":{"start":{"line":107,"column":16},"end":{"line":107,"column":22}},"60":{"start":{"line":109,"column":12},"end":{"line":109,"column":44}},"61":{"start":{"line":111,"column":8},"end":{"line":111,"column":102}}},"branchMap":{"1":{"line":15,"type":"if","locations":[{"start":{"line":15,"column":8},"end":{"line":15,"column":8}},{"start":{"line":15,"column":8},"end":{"line":15,"column":8}}]},"2":{"line":16,"type":"if","locations":[{"start":{"line":16,"column":8},"end":{"line":16,"column":8}},{"start":{"line":16,"column":8},"end":{"line":16,"column":8}}]},"3":{"line":29,"type":"if","locations":[{"start":{"line":29,"column":8},"end":{"line":29,"column":8}},{"start":{"line":29,"column":8},"end":{"line":29,"column":8}}]},"4":{"line":30,"type":"if","locations":[{"start":{"line":30,"column":8},"end":{"line":30,"column":8}},{"start":{"line":30,"column":8},"end":{"line":30,"column":8}}]},"5":{"line":33,"type":"if","locations":[{"start":{"line":33,"column":8},"end":{"line":33,"column":8}},{"start":{"line":33,"column":8},"end":{"line":33,"column":8}}]},"6":{"line":42,"type":"if","locations":[{"start":{"line":42,"column":8},"end":{"line":42,"column":8}},{"start":{"line":42,"column":8},"end":{"line":42,"column":8}}]},"7":{"line":47,"type":"if","locations":[{"start":{"line":47,"column":8},"end":{"line":47,"column":8}},{"start":{"line":47,"column":8},"end":{"line":47,"column":8}}]},"8":{"line":48,"type":"if","locations":[{"start":{"line":48,"column":8},"end":{"line":48,"column":8}},{"start":{"line":48,"column":8},"end":{"line":48,"column":8}}]},"9":{"line":50,"type":"if","locations":[{"start":{"line":50,"column":8},"end":{"line":50,"column":8}},{"start":{"line":50,"column":8},"end":{"line":50,"column":8}}]},"10":{"line":54,"type":"if","locations":[{"start":{"line":54,"column":8},"end":{"line":54,"column":8}},{"start":{"line":54,"column":8},"end":{"line":54,"column":8}}]},"11":{"line":59,"type":"if","locations":[{"start":{"line":59,"column":8},"end":{"line":59,"column":8}},{"start":{"line":59,"column":8},"end":{"line":59,"column":8}}]},"12":{"line":60,"type":"if","locations":[{"start":{"line":60,"column":8},"end":{"line":60,"column":8}},{"start":{"line":60,"column":8},"end":{"line":60,"column":8}}]},"13":{"line":75,"type":"if","locations":[{"start":{"line":75,"column":8},"end":{"line":75,"column":8}},{"start":{"line":75,"column":8},"end":{"line":75,"column":8}}]},"14":{"line":76,"type":"if","locations":[{"start":{"line":76,"column":8},"end":{"line":76,"column":8}},{"start":{"line":76,"column":8},"end":{"line":76,"column":8}}]},"15":{"line":77,"type":"if","locations":[{"start":{"line":77,"column":8},"end":{"line":77,"column":8}},{"start":{"line":77,"column":8},"end":{"line":77,"column":8}}]},"16":{"line":78,"type":"if","locations":[{"start":{"line":78,"column":8},"end":{"line":78,"column":8}},{"start":{"line":78,"column":8},"end":{"line":78,"column":8}}]},"17":{"line":81,"type":"if","locations":[{"start":{"line":81,"column":8},"end":{"line":81,"column":8}},{"start":{"line":81,"column":8},"end":{"line":81,"column":8}}]},"18":{"line":90,"type":"if","locations":[{"start":{"line":90,"column":8},"end":{"line":90,"column":8}},{"start":{"line":90,"column":8},"end":{"line":90,"column":8}}]},"19":{"line":91,"type":"if","locations":[{"start":{"line":91,"column":8},"end":{"line":91,"column":8}},{"start":{"line":91,"column":8},"end":{"line":91,"column":8}}]},"20":{"line":98,"type":"if","locations":[{"start":{"line":98,"column":8},"end":{"line":98,"column":8}},{"start":{"line":98,"column":8},"end":{"line":98,"column":8}}]},"21":{"line":102,"type":"if","locations":[{"start":{"line":102,"column":12},"end":{"line":102,"column":12}},{"start":{"line":102,"column":12},"end":{"line":102,"column":12}}]}}},"contracts\\MarketPlace721.sol":{"l":{"11":65,"15":38,"17":37,"19":36,"20":36,"24":13,"26":12,"27":12,"29":12,"30":12,"31":12,"33":11,"37":14,"38":13,"39":13,"43":40,"45":39,"47":39,"48":39,"49":39,"53":67,"54":66,"55":65,"56":64,"58":63,"59":63,"60":39,"62":63,"63":63,"64":61,"68":38,"69":37,"71":36,"72":36,"73":36,"74":36,"76":36,"77":24,"78":24,"80":24,"81":12,"82":12,"83":12,"84":12,"85":9,"87":12,"90":24},"path":"C:\\Users\\Acer\\Desktop\\_Crypton\\week3\\contracts\\MarketPlace721.sol","s":{"1":65,"2":38,"3":37,"4":36,"5":36,"6":13,"7":12,"8":12,"9":12,"10":12,"11":12,"12":14,"13":13,"14":40,"15":39,"16":39,"17":39,"18":39,"19":67,"20":66,"21":65,"22":64,"23":63,"24":63,"25":39,"26":63,"27":63,"28":38,"29":37,"30":36,"31":36,"32":36,"33":36,"34":24,"35":24,"36":24,"37":12,"38":12,"39":12,"40":12,"41":9,"42":12,"43":24},"b":{"1":[37,1],"2":[12,1],"3":[13,1],"4":[39,1],"5":[66,1],"6":[65,1],"7":[64,1],"8":[63,1],"9":[39,24],"10":[37,1],"11":[36,1],"12":[24,12],"13":[12,12]},"f":{"1":65,"2":38,"3":13,"4":14,"5":40,"6":67,"7":38},"fnMap":{"1":{"name":"createItem","line":10,"loc":{"start":{"line":10,"column":4},"end":{"line":12,"column":4}}},"2":{"name":"listItem","line":14,"loc":{"start":{"line":14,"column":4},"end":{"line":21,"column":4}}},"3":{"name":"buyItem","line":23,"loc":{"start":{"line":23,"column":4},"end":{"line":34,"column":4}}},"4":{"name":"cancel","line":36,"loc":{"start":{"line":36,"column":4},"end":{"line":40,"column":4}}},"5":{"name":"listItemOnAuction","line":42,"loc":{"start":{"line":42,"column":4},"end":{"line":50,"column":4}}},"6":{"name":"makeBid","line":52,"loc":{"start":{"line":52,"column":4},"end":{"line":65,"column":4}}},"7":{"name":"finishAuction","line":67,"loc":{"start":{"line":67,"column":4},"end":{"line":91,"column":4}}}},"statementMap":{"1":{"start":{"line":11,"column":8},"end":{"line":11,"column":43}},"2":{"start":{"line":15,"column":8},"end":{"line":15,"column":48}},"3":{"start":{"line":17,"column":8},"end":{"line":17,"column":68}},"4":{"start":{"line":19,"column":8},"end":{"line":19,"column":59}},"5":{"start":{"line":20,"column":8},"end":{"line":20,"column":53}},"6":{"start":{"line":24,"column":8},"end":{"line":24,"column":76}},"7":{"start":{"line":26,"column":8},"end":{"line":26,"column":58}},"8":{"start":{"line":27,"column":8},"end":{"line":27,"column":46}},"9":{"start":{"line":29,"column":8},"end":{"line":29,"column":59}},"10":{"start":{"line":30,"column":8},"end":{"line":30,"column":97}},"11":{"start":{"line":31,"column":8},"end":{"line":31,"column":68}},"12":{"start":{"line":37,"column":8},"end":{"line":37,"column":94}},"13":{"start":{"line":39,"column":8},"end":{"line":39,"column":68}},"14":{"start":{"line":43,"column":8},"end":{"line":43,"column":59}},"15":{"start":{"line":45,"column":8},"end":{"line":45,"column":68}},"16":{"start":{"line":47,"column":8},"end":{"line":47,"column":67}},"17":{"start":{"line":48,"column":8},"end":{"line":48,"column":66}},"18":{"start":{"line":49,"column":8},"end":{"line":49,"column":88}},"19":{"start":{"line":53,"column":8},"end":{"line":53,"column":110}},"20":{"start":{"line":54,"column":8},"end":{"line":54,"column":96}},"21":{"start":{"line":55,"column":8},"end":{"line":55,"column":104}},"22":{"start":{"line":56,"column":8},"end":{"line":56,"column":105}},"23":{"start":{"line":58,"column":8},"end":{"line":58,"column":62}},"24":{"start":{"line":59,"column":8},"end":{"line":59,"column":2653}},"25":{"start":{"line":60,"column":12},"end":{"line":60,"column":119}},"26":{"start":{"line":62,"column":8},"end":{"line":62,"column":61}},"27":{"start":{"line":63,"column":8},"end":{"line":63,"column":67}},"28":{"start":{"line":68,"column":8},"end":{"line":68,"column":87}},"29":{"start":{"line":69,"column":8},"end":{"line":69,"column":99}},"30":{"start":{"line":71,"column":8},"end":{"line":71,"column":68}},"31":{"start":{"line":73,"column":8},"end":{"line":73,"column":33}},"32":{"start":{"line":74,"column":8},"end":{"line":74,"column":44}},"33":{"start":{"line":76,"column":8},"end":{"line":76,"column":3414}},"34":{"start":{"line":77,"column":12},"end":{"line":77,"column":52}},"35":{"start":{"line":78,"column":12},"end":{"line":78,"column":44}},"36":{"start":{"line":80,"column":12},"end":{"line":80,"column":3550}},"37":{"start":{"line":81,"column":16},"end":{"line":81,"column":54}},"38":{"start":{"line":82,"column":16},"end":{"line":82,"column":49}},"39":{"start":{"line":83,"column":16},"end":{"line":83,"column":56}},"40":{"start":{"line":84,"column":16},"end":{"line":84,"column":74}},"41":{"start":{"line":85,"column":16},"end":{"line":85,"column":22}},"42":{"start":{"line":87,"column":12},"end":{"line":87,"column":44}},"43":{"start":{"line":90,"column":8},"end":{"line":90,"column":62}}},"branchMap":{"1":{"line":15,"type":"if","locations":[{"start":{"line":15,"column":8},"end":{"line":15,"column":8}},{"start":{"line":15,"column":8},"end":{"line":15,"column":8}}]},"2":{"line":24,"type":"if","locations":[{"start":{"line":24,"column":8},"end":{"line":24,"column":8}},{"start":{"line":24,"column":8},"end":{"line":24,"column":8}}]},"3":{"line":37,"type":"if","locations":[{"start":{"line":37,"column":8},"end":{"line":37,"column":8}},{"start":{"line":37,"column":8},"end":{"line":37,"column":8}}]},"4":{"line":43,"type":"if","locations":[{"start":{"line":43,"column":8},"end":{"line":43,"column":8}},{"start":{"line":43,"column":8},"end":{"line":43,"column":8}}]},"5":{"line":53,"type":"if","locations":[{"start":{"line":53,"column":8},"end":{"line":53,"column":8}},{"start":{"line":53,"column":8},"end":{"line":53,"column":8}}]},"6":{"line":54,"type":"if","locations":[{"start":{"line":54,"column":8},"end":{"line":54,"column":8}},{"start":{"line":54,"column":8},"end":{"line":54,"column":8}}]},"7":{"line":55,"type":"if","locations":[{"start":{"line":55,"column":8},"end":{"line":55,"column":8}},{"start":{"line":55,"column":8},"end":{"line":55,"column":8}}]},"8":{"line":56,"type":"if","locations":[{"start":{"line":56,"column":8},"end":{"line":56,"column":8}},{"start":{"line":56,"column":8},"end":{"line":56,"column":8}}]},"9":{"line":59,"type":"if","locations":[{"start":{"line":59,"column":8},"end":{"line":59,"column":8}},{"start":{"line":59,"column":8},"end":{"line":59,"column":8}}]},"10":{"line":68,"type":"if","locations":[{"start":{"line":68,"column":8},"end":{"line":68,"column":8}},{"start":{"line":68,"column":8},"end":{"line":68,"column":8}}]},"11":{"line":69,"type":"if","locations":[{"start":{"line":69,"column":8},"end":{"line":69,"column":8}},{"start":{"line":69,"column":8},"end":{"line":69,"column":8}}]},"12":{"line":76,"type":"if","locations":[{"start":{"line":76,"column":8},"end":{"line":76,"column":8}},{"start":{"line":76,"column":8},"end":{"line":76,"column":8}}]},"13":{"line":80,"type":"if","locations":[{"start":{"line":80,"column":12},"end":{"line":80,"column":12}},{"start":{"line":80,"column":12},"end":{"line":80,"column":12}}]}}},"contracts\\MarketPlaceMain.sol":{"l":{"18":33,"19":33,"20":33,"21":33,"22":33,"23":33,"27":67,"28":66,"29":330,"33":587,"35":587,"36":211,"37":211,"38":211,"39":211,"46":587,"48":586},"path":"C:\\Users\\Acer\\Desktop\\_Crypton\\week3\\contracts\\MarketPlaceMain.sol","s":{"1":33,"2":33,"3":33,"4":33,"5":33,"6":33,"7":67,"8":66,"9":330,"10":587,"11":587,"12":211,"13":211,"14":211,"15":587},"b":{"1":[66,1],"2":[211,376],"3":[586,1]},"f":{"1":33,"2":67,"3":587},"fnMap":{"1":{"name":"constructor","line":17,"loc":{"start":{"line":17,"column":4},"end":{"line":24,"column":4}}},"2":{"name":"setSelectors","line":26,"loc":{"start":{"line":26,"column":4},"end":{"line":30,"column":4}}},"3":{"name":null,"line":32,"loc":{"start":{"line":32,"column":4},"end":{"line":56,"column":4}}}},"statementMap":{"1":{"start":{"line":18,"column":8},"end":{"line":18,"column":29}},"2":{"start":{"line":19,"column":8},"end":{"line":19,"column":32}},"3":{"start":{"line":20,"column":8},"end":{"line":20,"column":35}},"4":{"start":{"line":21,"column":8},"end":{"line":21,"column":21}},"5":{"start":{"line":22,"column":8},"end":{"line":22,"column":23}},"6":{"start":{"line":23,"column":8},"end":{"line":23,"column":41}},"7":{"start":{"line":27,"column":8},"end":{"line":27,"column":65}},"8":{"start":{"line":28,"column":8},"end":{"line":28,"column":1074}},"9":{"start":{"line":29,"column":12},"end":{"line":29,"column":55}},"10":{"start":{"line":33,"column":8},"end":{"line":33,"column":50}},"11":{"start":{"line":35,"column":8},"end":{"line":35,"column":1273}},"12":{"start":{"line":36,"column":12},"end":{"line":36,"column":24}},"13":{"start":{"line":37,"column":12},"end":{"line":37,"column":35}},"14":{"start":{"line":38,"column":12},"end":{"line":38,"column":37}},"15":{"start":{"line":46,"column":8},"end":{"line":46,"column":58}}},"branchMap":{"1":{"line":27,"type":"if","locations":[{"start":{"line":27,"column":8},"end":{"line":27,"column":8}},{"start":{"line":27,"column":8},"end":{"line":27,"column":8}}]},"2":{"line":35,"type":"if","locations":[{"start":{"line":35,"column":8},"end":{"line":35,"column":8}},{"start":{"line":35,"column":8},"end":{"line":35,"column":8}}]},"3":{"line":46,"type":"if","locations":[{"start":{"line":46,"column":8},"end":{"line":46,"column":8}},{"start":{"line":46,"column":8},"end":{"line":46,"column":8}}]}}},"contracts\\NFT1155.sol":{"l":{"17":69,"18":68,"19":68,"23":68,"27":68,"31":53,"32":0,"35":0,"36":0,"38":0,"39":0,"40":0,"42":0},"path":"C:\\Users\\Acer\\Desktop\\_Crypton\\week3\\contracts\\NFT1155.sol","s":{"1":69,"2":68,"3":68,"4":68,"5":68,"6":0,"7":0,"8":0,"9":0,"10":0,"11":0,"12":0},"b":{"1":[0,0],"2":[0,0]},"f":{"1":69,"2":68,"3":68,"4":53},"fnMap":{"1":{"name":"constructor","line":16,"loc":{"start":{"line":16,"column":4},"end":{"line":20,"column":4}}},"2":{"name":"totalSupply","line":22,"loc":{"start":{"line":22,"column":4},"end":{"line":24,"column":4}}},"3":{"name":"changeRightsToMint","line":26,"loc":{"start":{"line":26,"column":4},"end":{"line":28,"column":4}}},"4":{"name":"mint","line":30,"loc":{"start":{"line":30,"column":4},"end":{"line":43,"column":4}}}},"statementMap":{"1":{"start":{"line":17,"column":8},"end":{"line":17,"column":19}},"2":{"start":{"line":18,"column":8},"end":{"line":18,"column":23}},"3":{"start":{"line":19,"column":8},"end":{"line":19,"column":38}},"4":{"start":{"line":23,"column":8},"end":{"line":23,"column":31}},"5":{"start":{"line":27,"column":8},"end":{"line":27,"column":41}},"6":{"start":{"line":31,"column":8},"end":{"line":31,"column":67}},"7":{"start":{"line":32,"column":8},"end":{"line":32,"column":57}},"8":{"start":{"line":35,"column":8},"end":{"line":35,"column":32}},"9":{"start":{"line":38,"column":8},"end":{"line":38,"column":34}},"10":{"start":{"line":39,"column":8},"end":{"line":39,"column":32}},"11":{"start":{"line":40,"column":8},"end":{"line":40,"column":29}},"12":{"start":{"line":42,"column":8},"end":{"line":42,"column":17}}},"branchMap":{"1":{"line":31,"type":"if","locations":[{"start":{"line":31,"column":8},"end":{"line":31,"column":8}},{"start":{"line":31,"column":8},"end":{"line":31,"column":8}}]},"2":{"line":32,"type":"if","locations":[{"start":{"line":32,"column":8},"end":{"line":32,"column":8}},{"start":{"line":32,"column":8},"end":{"line":32,"column":8}}]}}},"contracts\\NFT721.sol":{"l":{"18":53,"22":0,"26":0,"28":0,"29":0,"31":0,"32":0,"34":0},"path":"C:\\Users\\Acer\\Desktop\\_Crypton\\week3\\contracts\\NFT721.sol","s":{"1":0,"2":0,"3":0,"4":0,"5":0,"6":0,"7":0},"b":{"1":[0,0]},"f":{"1":58,"2":0,"3":0},"fnMap":{"1":{"name":"constructor","line":17,"loc":{"start":{"line":14,"column":4},"end":{"line":19,"column":4}}},"2":{"name":"changeRightsToMint","line":21,"loc":{"start":{"line":21,"column":4},"end":{"line":23,"column":4}}},"3":{"name":"mint","line":25,"loc":{"start":{"line":25,"column":4},"end":{"line":35,"column":4}}}},"statementMap":{"1":{"start":{"line":18,"column":8},"end":{"line":18,"column":38}},"2":{"start":{"line":22,"column":8},"end":{"line":22,"column":41}},"3":{"start":{"line":26,"column":8},"end":{"line":26,"column":67}},"4":{"start":{"line":28,"column":8},"end":{"line":28,"column":29}},"5":{"start":{"line":31,"column":8},"end":{"line":31,"column":25}},"6":{"start":{"line":32,"column":8},"end":{"line":32,"column":34}},"7":{"start":{"line":34,"column":8},"end":{"line":34,"column":17}}},"branchMap":{"1":{"line":26,"type":"if","locations":[{"start":{"line":26,"column":8},"end":{"line":26,"column":8}},{"start":{"line":26,"column":8},"end":{"line":26,"column":8}}]}}}}